Files already downloaded and verified
Files already downloaded and verified
*************************************
False 782 157
*************************************
472564
5
Epoch: [1/157]	Time 1.214	Data 0.167	Loss 6.6875	Err@1 0.0000	Err@5 0.0000
 * Err@1 5.390 Err@5 14.360
 * Err@1 0.000 Err@5 0.000
 * Err@1 0.000 Err@5 0.000
 * Err@1 0.000 Err@5 0.000
 * Err@1 0.000 Err@5 0.000
calculating ood scores and complexity takes long time
process  cifar100
Files already downloaded and verified
process  mnist
process  kmnist
process  fasionmnist
process  lsun
process  svhn
process  dtd
process  stl10
Files already downloaded and verified
process  place365
process  isun
process  lsunR
********** auroc result  cifar100  with  odin  **********
                         auroc                  fpr95    
OOD dataset      exit@last    MOOD      exit@last    MOOD
mnist             0.9712     0.9713      0.1633     0.1633
kmnist            0.9651     0.9652      0.2022     0.2022
fasionmnist       0.9840     0.9840      0.0815     0.0815
lsun              0.9185     0.9185      0.3763     0.3764
svhn              0.5922     0.5923      0.9407     0.9408
dtd               0.7219     0.7220      0.8363     0.8359
stl10             0.7397     0.7397      0.8334     0.8334
place365          0.7375     0.7375      0.8351     0.8350
isun              0.8646     0.8647      0.5755     0.5753
lsunR             0.8849     0.8850      0.5161     0.5161
average           0.8380     0.8380      0.5360     0.5360
